2024-09-04 15:53:31,666 INFO o.a.j.u.JMeterUtils: Setting Locale to en_EN
2024-09-04 15:53:31,683 INFO o.a.j.JMeter: Loading user properties from: C:\Program Files\apache-jmeter-5.6.3\bin\user.properties
2024-09-04 15:53:31,683 INFO o.a.j.JMeter: Loading system properties from: C:\Program Files\apache-jmeter-5.6.3\bin\system.properties
2024-09-04 15:53:31,688 INFO o.a.j.JMeter: Copyright (c) 1998-2024 The Apache Software Foundation
2024-09-04 15:53:31,688 INFO o.a.j.JMeter: Version 5.6.3
2024-09-04 15:53:31,688 INFO o.a.j.JMeter: java.version=17.0.12
2024-09-04 15:53:31,688 INFO o.a.j.JMeter: java.vm.name=Java HotSpot(TM) 64-Bit Server VM
2024-09-04 15:53:31,688 INFO o.a.j.JMeter: os.name=Windows 10
2024-09-04 15:53:31,688 INFO o.a.j.JMeter: os.arch=amd64
2024-09-04 15:53:31,688 INFO o.a.j.JMeter: os.version=10.0
2024-09-04 15:53:31,688 INFO o.a.j.JMeter: file.encoding=Cp1252
2024-09-04 15:53:31,688 INFO o.a.j.JMeter: java.awt.headless=true
2024-09-04 15:53:31,688 INFO o.a.j.JMeter: Max memory     =1073741824
2024-09-04 15:53:31,688 INFO o.a.j.JMeter: Available Processors =16
2024-09-04 15:53:31,696 INFO o.a.j.JMeter: Default Locale=English (EN)
2024-09-04 15:53:31,696 INFO o.a.j.JMeter: JMeter  Locale=English (EN)
2024-09-04 15:53:31,696 INFO o.a.j.JMeter: JMeterHome=C:\Program Files\apache-jmeter-5.6.3
2024-09-04 15:53:31,696 INFO o.a.j.JMeter: user.dir  =C:\Users\Anthony Wu\Documents\20240708-JAVA-SDET\project1
2024-09-04 15:53:31,697 INFO o.a.j.JMeter: PWD       =C:\Users\Anthony Wu\Documents\20240708-JAVA-SDET\project1
2024-09-04 15:53:31,698 INFO o.a.j.JMeter: IP: 192.168.1.186 Name: DESKTOP-JAN6ABB FullName: host.docker.internal
2024-09-04 15:53:31,710 INFO o.a.j.s.FileServer: Default base='C:\Users\Anthony Wu\Documents\20240708-JAVA-SDET\project1'
2024-09-04 15:53:31,711 INFO o.a.j.s.FileServer: Set new base='C:\Users\Anthony Wu\Documents\20240708-JAVA-SDET\project1'
2024-09-04 15:53:31,873 INFO o.a.j.s.SaveService: Testplan (JMX) version: 2.2. Testlog (JTL) version: 2.2
2024-09-04 15:53:31,894 INFO o.a.j.s.SaveService: Using SaveService properties version 5.0
2024-09-04 15:53:31,896 INFO o.a.j.s.SaveService: Using SaveService properties file encoding UTF-8
2024-09-04 15:53:31,899 INFO o.a.j.s.SaveService: Loading file: Board_Game_Inventory_Manager_Test_Plan.jmx
2024-09-04 15:53:31,942 INFO o.a.j.p.h.s.HTTPSamplerBase: Parser for text/html is org.apache.jmeter.protocol.http.parser.LagartoBasedHtmlParser
2024-09-04 15:53:31,943 INFO o.a.j.p.h.s.HTTPSamplerBase: Parser for application/xhtml+xml is org.apache.jmeter.protocol.http.parser.LagartoBasedHtmlParser
2024-09-04 15:53:31,943 INFO o.a.j.p.h.s.HTTPSamplerBase: Parser for application/xml is org.apache.jmeter.protocol.http.parser.LagartoBasedHtmlParser
2024-09-04 15:53:31,943 INFO o.a.j.p.h.s.HTTPSamplerBase: Parser for text/xml is org.apache.jmeter.protocol.http.parser.LagartoBasedHtmlParser
2024-09-04 15:53:31,943 INFO o.a.j.p.h.s.HTTPSamplerBase: Parser for text/vnd.wap.wml is org.apache.jmeter.protocol.http.parser.RegexpHTMLParser
2024-09-04 15:53:31,943 INFO o.a.j.p.h.s.HTTPSamplerBase: Parser for text/css is org.apache.jmeter.protocol.http.parser.CssParser
2024-09-04 15:53:31,965 INFO o.a.j.JMeter: Creating summariser <summary>
2024-09-04 15:53:31,975 INFO o.a.j.e.StandardJMeterEngine: Running the test!
2024-09-04 15:53:31,976 INFO o.a.j.s.SampleEvent: List of sample_variables: []
2024-09-04 15:53:31,976 INFO o.a.j.s.SampleEvent: List of sample_variables: []
2024-09-04 15:53:31,979 INFO o.a.j.e.u.CompoundVariable: Note: Function class names must contain the string: '.functions.'
2024-09-04 15:53:31,979 INFO o.a.j.e.u.CompoundVariable: Note: Function class names must not contain the string: '.gui.'
2024-09-04 15:53:32,032 INFO o.a.j.JMeter: Running test (1725479612031)
2024-09-04 15:53:32,044 INFO o.a.j.e.StandardJMeterEngine: Starting ThreadGroup: 1 : Thread Group
2024-09-04 15:53:32,044 INFO o.a.j.e.StandardJMeterEngine: Starting 200 threads for group Thread Group.
2024-09-04 15:53:32,044 INFO o.a.j.e.StandardJMeterEngine: Thread will continue on error
2024-09-04 15:53:32,044 INFO o.a.j.t.ThreadGroup: Starting thread group... number=1 threads=200 ramp-up=1 delayedStart=false
2024-09-04 15:53:32,052 INFO o.a.j.t.JMeterThread: Thread started: Thread Group 1-1
2024-09-04 15:53:32,055 INFO o.a.j.t.JMeterThread: Thread started: Thread Group 1-2
2024-09-04 15:53:32,059 INFO o.a.j.t.JMeterThread: Thread started: Thread Group 1-3
2024-09-04 15:53:32,063 INFO o.a.j.t.JMeterThread: Thread started: Thread Group 1-4
2024-09-04 15:53:32,066 INFO o.a.j.t.JMeterThread: Thread started: Thread Group 1-5
2024-09-04 15:53:32,072 INFO o.a.j.t.JMeterThread: Thread started: Thread Group 1-6
2024-09-04 15:53:32,074 INFO o.a.j.p.h.s.HTTPHCAbstractImpl: Local host = DESKTOP-JAN6ABB
2024-09-04 15:53:32,076 INFO o.a.j.t.JMeterThread: Thread started: Thread Group 1-7
2024-09-04 15:53:32,082 INFO o.a.j.t.JMeterThread: Thread started: Thread Group 1-8
2024-09-04 15:53:32,087 INFO o.a.j.t.JMeterThread: Thread started: Thread Group 1-9
2024-09-04 15:53:32,091 INFO o.a.j.t.JMeterThread: Thread started: Thread Group 1-10
2024-09-04 15:53:32,091 INFO o.a.j.p.h.s.HTTPHC4Impl: HTTP request retry count = 0
2024-09-04 15:53:32,096 INFO o.a.j.s.SampleResult: Note: Sample TimeStamps are START times
2024-09-04 15:53:32,096 INFO o.a.j.s.SampleResult: sampleresult.default.encoding is set to UTF-8
2024-09-04 15:53:32,096 INFO o.a.j.s.SampleResult: sampleresult.useNanoTime=true
2024-09-04 15:53:32,096 INFO o.a.j.s.SampleResult: sampleresult.nanoThreadSleep=5000
2024-09-04 15:53:32,097 INFO o.a.j.t.JMeterThread: Thread started: Thread Group 1-11
2024-09-04 15:53:32,100 INFO o.a.j.t.JMeterThread: Thread started: Thread Group 1-12
2024-09-04 15:53:32,105 INFO o.a.j.t.ThreadGroup: Started thread group number 1
2024-09-04 15:53:32,106 INFO o.a.j.e.StandardJMeterEngine: All thread groups have been started
2024-09-04 15:53:32,107 INFO o.a.j.t.JMeterThread: Thread started: Thread Group 1-13
2024-09-04 15:53:32,113 INFO o.a.j.t.JMeterThread: Thread started: Thread Group 1-14
2024-09-04 15:53:32,118 INFO o.a.j.t.JMeterThread: Thread started: Thread Group 1-15
2024-09-04 15:53:32,122 INFO o.a.j.t.JMeterThread: Thread started: Thread Group 1-16
2024-09-04 15:53:32,126 INFO o.a.j.t.JMeterThread: Thread started: Thread Group 1-17
2024-09-04 15:53:32,131 INFO o.a.j.t.JMeterThread: Thread started: Thread Group 1-18
2024-09-04 15:53:32,136 INFO o.a.j.t.JMeterThread: Thread started: Thread Group 1-19
2024-09-04 15:53:32,141 INFO o.a.j.t.JMeterThread: Thread started: Thread Group 1-20
2024-09-04 15:53:32,145 INFO o.a.j.t.JMeterThread: Thread started: Thread Group 1-21
2024-09-04 15:53:32,151 INFO o.a.j.t.JMeterThread: Thread started: Thread Group 1-22
2024-09-04 15:53:32,156 INFO o.a.j.t.JMeterThread: Thread started: Thread Group 1-23
2024-09-04 15:53:32,160 INFO o.a.j.t.JMeterThread: Thread started: Thread Group 1-24
2024-09-04 15:53:32,166 INFO o.a.j.t.JMeterThread: Thread started: Thread Group 1-25
2024-09-04 15:53:32,171 INFO o.a.j.t.JMeterThread: Thread started: Thread Group 1-26
2024-09-04 15:53:32,176 INFO o.a.j.t.JMeterThread: Thread started: Thread Group 1-27
2024-09-04 15:53:32,182 INFO o.a.j.t.JMeterThread: Thread started: Thread Group 1-28
2024-09-04 15:53:32,185 INFO o.a.j.t.JMeterThread: Thread started: Thread Group 1-29
2024-09-04 15:53:32,190 INFO o.a.j.t.JMeterThread: Thread started: Thread Group 1-30
2024-09-04 15:53:32,197 INFO o.a.j.t.JMeterThread: Thread started: Thread Group 1-31
2024-09-04 15:53:32,202 INFO o.a.j.t.JMeterThread: Thread started: Thread Group 1-32
2024-09-04 15:53:32,206 INFO o.a.j.t.JMeterThread: Thread started: Thread Group 1-33
2024-09-04 15:53:32,212 INFO o.a.j.t.JMeterThread: Thread started: Thread Group 1-34
2024-09-04 15:53:32,217 INFO o.a.j.t.JMeterThread: Thread started: Thread Group 1-35
2024-09-04 15:53:32,220 INFO o.a.j.t.JMeterThread: Thread started: Thread Group 1-36
2024-09-04 15:53:32,227 INFO o.a.j.t.JMeterThread: Thread started: Thread Group 1-37
2024-09-04 15:53:32,233 INFO o.a.j.t.JMeterThread: Thread started: Thread Group 1-38
2024-09-04 15:53:32,235 INFO o.a.j.t.JMeterThread: Thread started: Thread Group 1-39
2024-09-04 15:53:32,242 INFO o.a.j.t.JMeterThread: Thread started: Thread Group 1-40
2024-09-04 15:53:32,246 INFO o.a.j.t.JMeterThread: Thread started: Thread Group 1-41
2024-09-04 15:53:32,250 INFO o.a.j.t.JMeterThread: Thread started: Thread Group 1-42
2024-09-04 15:53:32,255 INFO o.a.j.t.JMeterThread: Thread started: Thread Group 1-43
2024-09-04 15:53:32,262 INFO o.a.j.t.JMeterThread: Thread started: Thread Group 1-44
2024-09-04 15:53:32,265 INFO o.a.j.t.JMeterThread: Thread started: Thread Group 1-45
2024-09-04 15:53:32,270 INFO o.a.j.t.JMeterThread: Thread started: Thread Group 1-46
2024-09-04 15:53:32,274 INFO o.a.j.t.JMeterThread: Thread started: Thread Group 1-47
2024-09-04 15:53:32,280 INFO o.a.j.t.JMeterThread: Thread started: Thread Group 1-48
2024-09-04 15:53:32,285 INFO o.a.j.t.JMeterThread: Thread started: Thread Group 1-49
2024-09-04 15:53:32,289 INFO o.a.j.t.JMeterThread: Thread started: Thread Group 1-50
2024-09-04 15:53:32,296 INFO o.a.j.t.JMeterThread: Thread started: Thread Group 1-51
2024-09-04 15:53:32,300 INFO o.a.j.t.JMeterThread: Thread started: Thread Group 1-52
2024-09-04 15:53:32,307 INFO o.a.j.t.JMeterThread: Thread started: Thread Group 1-53
2024-09-04 15:53:32,311 INFO o.a.j.t.JMeterThread: Thread started: Thread Group 1-54
2024-09-04 15:53:32,316 INFO o.a.j.t.JMeterThread: Thread started: Thread Group 1-55
2024-09-04 15:53:32,322 INFO o.a.j.t.JMeterThread: Thread started: Thread Group 1-56
2024-09-04 15:53:32,325 INFO o.a.j.t.JMeterThread: Thread started: Thread Group 1-57
2024-09-04 15:53:32,330 INFO o.a.j.t.JMeterThread: Thread started: Thread Group 1-58
2024-09-04 15:53:32,336 INFO o.a.j.t.JMeterThread: Thread started: Thread Group 1-59
2024-09-04 15:53:32,341 INFO o.a.j.t.JMeterThread: Thread started: Thread Group 1-60
2024-09-04 15:53:32,346 INFO o.a.j.t.JMeterThread: Thread started: Thread Group 1-61
2024-09-04 15:53:32,353 INFO o.a.j.t.JMeterThread: Thread started: Thread Group 1-62
2024-09-04 15:53:32,357 INFO o.a.j.t.JMeterThread: Thread started: Thread Group 1-63
2024-09-04 15:53:32,360 INFO o.a.j.t.JMeterThread: Thread started: Thread Group 1-64
2024-09-04 15:53:32,365 INFO o.a.j.t.JMeterThread: Thread started: Thread Group 1-65
2024-09-04 15:53:32,372 INFO o.a.j.t.JMeterThread: Thread started: Thread Group 1-66
2024-09-04 15:53:32,376 INFO o.a.j.t.JMeterThread: Thread started: Thread Group 1-67
2024-09-04 15:53:32,381 INFO o.a.j.t.JMeterThread: Thread started: Thread Group 1-68
2024-09-04 15:53:32,386 INFO o.a.j.t.JMeterThread: Thread started: Thread Group 1-69
2024-09-04 15:53:32,390 INFO o.a.j.t.JMeterThread: Thread started: Thread Group 1-70
2024-09-04 15:53:32,395 INFO o.a.j.t.JMeterThread: Thread started: Thread Group 1-71
2024-09-04 15:53:32,402 INFO o.a.j.t.JMeterThread: Thread started: Thread Group 1-72
2024-09-04 15:53:32,406 INFO o.a.j.t.JMeterThread: Thread started: Thread Group 1-73
2024-09-04 15:53:32,411 INFO o.a.j.t.JMeterThread: Thread started: Thread Group 1-74
2024-09-04 15:53:32,416 INFO o.a.j.t.JMeterThread: Thread started: Thread Group 1-75
2024-09-04 15:53:32,420 INFO o.a.j.t.JMeterThread: Thread started: Thread Group 1-76
2024-09-04 15:53:32,425 INFO o.a.j.t.JMeterThread: Thread started: Thread Group 1-77
2024-09-04 15:53:32,431 INFO o.a.j.t.JMeterThread: Thread started: Thread Group 1-78
2024-09-04 15:53:32,436 INFO o.a.j.t.JMeterThread: Thread started: Thread Group 1-79
2024-09-04 15:53:32,441 INFO o.a.j.t.JMeterThread: Thread started: Thread Group 1-80
2024-09-04 15:53:32,447 INFO o.a.j.t.JMeterThread: Thread started: Thread Group 1-81
2024-09-04 15:53:32,450 INFO o.a.j.t.JMeterThread: Thread started: Thread Group 1-82
2024-09-04 15:53:32,454 INFO o.a.j.t.JMeterThread: Thread started: Thread Group 1-83
2024-09-04 15:53:32,460 INFO o.a.j.t.JMeterThread: Thread started: Thread Group 1-84
2024-09-04 15:53:32,463 INFO o.a.j.r.Summariser: summary +      1 in 00:00:00 =    2.3/s Avg:   231 Min:   231 Max:   231 Err:     0 (0.00%) Active: 84 Started: 84 Finished: 0
2024-09-04 15:53:32,465 INFO o.a.j.t.JMeterThread: Thread started: Thread Group 1-85
2024-09-04 15:53:32,470 INFO o.a.j.t.JMeterThread: Thread started: Thread Group 1-86
2024-09-04 15:53:32,474 INFO o.a.j.t.JMeterThread: Thread started: Thread Group 1-87
2024-09-04 15:53:32,480 INFO o.a.j.t.JMeterThread: Thread started: Thread Group 1-88
2024-09-04 15:53:32,485 INFO o.a.j.t.JMeterThread: Thread started: Thread Group 1-89
2024-09-04 15:53:32,492 INFO o.a.j.t.JMeterThread: Thread started: Thread Group 1-90
2024-09-04 15:53:32,495 INFO o.a.j.t.JMeterThread: Thread started: Thread Group 1-91
2024-09-04 15:53:32,499 INFO o.a.j.t.JMeterThread: Thread started: Thread Group 1-92
2024-09-04 15:53:32,506 INFO o.a.j.t.JMeterThread: Thread started: Thread Group 1-93
2024-09-04 15:53:32,510 INFO o.a.j.t.JMeterThread: Thread started: Thread Group 1-94
2024-09-04 15:53:32,515 INFO o.a.j.t.JMeterThread: Thread started: Thread Group 1-95
2024-09-04 15:53:32,521 INFO o.a.j.t.JMeterThread: Thread started: Thread Group 1-96
2024-09-04 15:53:32,525 INFO o.a.j.t.JMeterThread: Thread started: Thread Group 1-97
2024-09-04 15:53:32,529 INFO o.a.j.t.JMeterThread: Thread started: Thread Group 1-98
2024-09-04 15:53:32,536 INFO o.a.j.t.JMeterThread: Thread started: Thread Group 1-99
2024-09-04 15:53:32,540 INFO o.a.j.t.JMeterThread: Thread started: Thread Group 1-100
2024-09-04 15:53:32,547 INFO o.a.j.t.JMeterThread: Thread started: Thread Group 1-101
2024-09-04 15:53:32,550 INFO o.a.j.t.JMeterThread: Thread started: Thread Group 1-102
2024-09-04 15:53:32,555 INFO o.a.j.t.JMeterThread: Thread started: Thread Group 1-103
2024-09-04 15:53:32,559 INFO o.a.j.t.JMeterThread: Thread started: Thread Group 1-104
2024-09-04 15:53:32,567 INFO o.a.j.t.JMeterThread: Thread started: Thread Group 1-105
2024-09-04 15:53:32,570 INFO o.a.j.t.JMeterThread: Thread started: Thread Group 1-106
2024-09-04 15:53:32,575 INFO o.a.j.t.JMeterThread: Thread started: Thread Group 1-107
2024-09-04 15:53:32,582 INFO o.a.j.t.JMeterThread: Thread started: Thread Group 1-108
2024-09-04 15:53:32,585 INFO o.a.j.t.JMeterThread: Thread started: Thread Group 1-109
2024-09-04 15:53:32,590 INFO o.a.j.t.JMeterThread: Thread started: Thread Group 1-110
2024-09-04 15:53:32,594 INFO o.a.j.t.JMeterThread: Thread started: Thread Group 1-111
2024-09-04 15:53:32,601 INFO o.a.j.t.JMeterThread: Thread started: Thread Group 1-112
2024-09-04 15:53:32,605 INFO o.a.j.t.JMeterThread: Thread started: Thread Group 1-113
2024-09-04 15:53:32,610 INFO o.a.j.t.JMeterThread: Thread started: Thread Group 1-114
2024-09-04 15:53:32,615 INFO o.a.j.t.JMeterThread: Thread started: Thread Group 1-115
2024-09-04 15:53:32,619 INFO o.a.j.t.JMeterThread: Thread started: Thread Group 1-116
2024-09-04 15:53:32,624 INFO o.a.j.t.JMeterThread: Thread started: Thread Group 1-117
2024-09-04 15:53:32,631 INFO o.a.j.t.JMeterThread: Thread started: Thread Group 1-118
2024-09-04 15:53:32,635 INFO o.a.j.t.JMeterThread: Thread started: Thread Group 1-119
2024-09-04 15:53:32,640 INFO o.a.j.t.JMeterThread: Thread started: Thread Group 1-120
2024-09-04 15:53:32,644 INFO o.a.j.t.JMeterThread: Thread started: Thread Group 1-121
2024-09-04 15:53:32,649 INFO o.a.j.t.JMeterThread: Thread started: Thread Group 1-122
2024-09-04 15:53:32,654 INFO o.a.j.t.JMeterThread: Thread started: Thread Group 1-123
2024-09-04 15:53:32,661 INFO o.a.j.t.JMeterThread: Thread started: Thread Group 1-124
2024-09-04 15:53:32,665 INFO o.a.j.t.JMeterThread: Thread started: Thread Group 1-125
2024-09-04 15:53:32,670 INFO o.a.j.t.JMeterThread: Thread started: Thread Group 1-126
2024-09-04 15:53:32,676 INFO o.a.j.t.JMeterThread: Thread started: Thread Group 1-127
2024-09-04 15:53:32,680 INFO o.a.j.t.JMeterThread: Thread started: Thread Group 1-128
2024-09-04 15:53:32,689 INFO o.a.j.t.JMeterThread: Thread started: Thread Group 1-129
2024-09-04 15:53:32,691 INFO o.a.j.t.JMeterThread: Thread started: Thread Group 1-130
2024-09-04 15:53:32,695 INFO o.a.j.t.JMeterThread: Thread started: Thread Group 1-131
2024-09-04 15:53:32,700 INFO o.a.j.t.JMeterThread: Thread started: Thread Group 1-132
2024-09-04 15:53:32,706 INFO o.a.j.t.JMeterThread: Thread started: Thread Group 1-133
2024-09-04 15:53:32,711 INFO o.a.j.t.JMeterThread: Thread started: Thread Group 1-134
2024-09-04 15:53:32,715 INFO o.a.j.t.JMeterThread: Thread started: Thread Group 1-135
2024-09-04 15:53:32,720 INFO o.a.j.t.JMeterThread: Thread started: Thread Group 1-136
2024-09-04 15:53:32,726 INFO o.a.j.t.JMeterThread: Thread started: Thread Group 1-137
2024-09-04 15:53:32,731 INFO o.a.j.t.JMeterThread: Thread started: Thread Group 1-138
2024-09-04 15:53:32,735 INFO o.a.j.t.JMeterThread: Thread started: Thread Group 1-139
2024-09-04 15:53:32,740 INFO o.a.j.t.JMeterThread: Thread started: Thread Group 1-140
2024-09-04 15:53:32,746 INFO o.a.j.t.JMeterThread: Thread started: Thread Group 1-141
2024-09-04 15:53:32,751 INFO o.a.j.t.JMeterThread: Thread started: Thread Group 1-142
2024-09-04 15:53:32,755 INFO o.a.j.t.JMeterThread: Thread started: Thread Group 1-143
2024-09-04 15:53:32,761 INFO o.a.j.t.JMeterThread: Thread started: Thread Group 1-144
2024-09-04 15:53:32,766 INFO o.a.j.t.JMeterThread: Thread started: Thread Group 1-145
2024-09-04 15:53:32,770 INFO o.a.j.t.JMeterThread: Thread started: Thread Group 1-146
2024-09-04 15:53:32,776 INFO o.a.j.t.JMeterThread: Thread started: Thread Group 1-147
2024-09-04 15:53:32,781 INFO o.a.j.t.JMeterThread: Thread started: Thread Group 1-148
2024-09-04 15:53:32,785 INFO o.a.j.t.JMeterThread: Thread started: Thread Group 1-149
2024-09-04 15:53:32,790 INFO o.a.j.t.JMeterThread: Thread started: Thread Group 1-150
2024-09-04 15:53:32,796 INFO o.a.j.t.JMeterThread: Thread started: Thread Group 1-151
2024-09-04 15:53:32,800 INFO o.a.j.t.JMeterThread: Thread started: Thread Group 1-152
2024-09-04 15:53:32,805 INFO o.a.j.t.JMeterThread: Thread started: Thread Group 1-153
2024-09-04 15:53:32,810 INFO o.a.j.t.JMeterThread: Thread started: Thread Group 1-154
2024-09-04 15:53:32,816 INFO o.a.j.t.JMeterThread: Thread started: Thread Group 1-155
2024-09-04 15:53:32,821 INFO o.a.j.t.JMeterThread: Thread started: Thread Group 1-156
2024-09-04 15:53:32,825 INFO o.a.j.t.JMeterThread: Thread started: Thread Group 1-157
2024-09-04 15:53:32,830 INFO o.a.j.t.JMeterThread: Thread started: Thread Group 1-158
2024-09-04 15:53:32,836 INFO o.a.j.t.JMeterThread: Thread started: Thread Group 1-159
2024-09-04 15:53:32,841 INFO o.a.j.t.JMeterThread: Thread started: Thread Group 1-160
2024-09-04 15:53:32,844 INFO o.a.j.t.JMeterThread: Thread started: Thread Group 1-161
2024-09-04 15:53:32,851 INFO o.a.j.t.JMeterThread: Thread started: Thread Group 1-162
2024-09-04 15:53:32,855 INFO o.a.j.t.JMeterThread: Thread started: Thread Group 1-163
2024-09-04 15:53:32,860 INFO o.a.j.t.JMeterThread: Thread started: Thread Group 1-164
2024-09-04 15:53:32,864 INFO o.a.j.t.JMeterThread: Thread started: Thread Group 1-165
2024-09-04 15:53:32,870 INFO o.a.j.t.JMeterThread: Thread started: Thread Group 1-166
2024-09-04 15:53:32,875 INFO o.a.j.t.JMeterThread: Thread started: Thread Group 1-167
2024-09-04 15:53:32,879 INFO o.a.j.t.JMeterThread: Thread started: Thread Group 1-168
2024-09-04 15:53:32,884 INFO o.a.j.t.JMeterThread: Thread started: Thread Group 1-169
2024-09-04 15:53:32,891 INFO o.a.j.t.JMeterThread: Thread started: Thread Group 1-170
2024-09-04 15:53:32,895 INFO o.a.j.t.JMeterThread: Thread started: Thread Group 1-171
2024-09-04 15:53:32,899 INFO o.a.j.t.JMeterThread: Thread started: Thread Group 1-172
2024-09-04 15:53:32,904 INFO o.a.j.t.JMeterThread: Thread started: Thread Group 1-173
2024-09-04 15:53:32,910 INFO o.a.j.t.JMeterThread: Thread started: Thread Group 1-174
2024-09-04 15:53:32,915 INFO o.a.j.t.JMeterThread: Thread started: Thread Group 1-175
2024-09-04 15:53:32,919 INFO o.a.j.t.JMeterThread: Thread started: Thread Group 1-176
2024-09-04 15:53:32,925 INFO o.a.j.t.JMeterThread: Thread started: Thread Group 1-177
2024-09-04 15:53:32,930 INFO o.a.j.t.JMeterThread: Thread started: Thread Group 1-178
2024-09-04 15:53:32,935 INFO o.a.j.t.JMeterThread: Thread started: Thread Group 1-179
2024-09-04 15:53:32,939 INFO o.a.j.t.JMeterThread: Thread started: Thread Group 1-180
2024-09-04 15:53:32,947 INFO o.a.j.t.JMeterThread: Thread started: Thread Group 1-181
2024-09-04 15:53:32,951 INFO o.a.j.t.JMeterThread: Thread started: Thread Group 1-182
2024-09-04 15:53:32,956 INFO o.a.j.t.JMeterThread: Thread started: Thread Group 1-183
2024-09-04 15:53:32,960 INFO o.a.j.t.JMeterThread: Thread started: Thread Group 1-184
2024-09-04 15:53:32,965 INFO o.a.j.t.JMeterThread: Thread started: Thread Group 1-185
2024-09-04 15:53:32,972 INFO o.a.j.t.JMeterThread: Thread started: Thread Group 1-186
2024-09-04 15:53:32,976 INFO o.a.j.t.JMeterThread: Thread started: Thread Group 1-187
2024-09-04 15:53:32,981 INFO o.a.j.t.JMeterThread: Thread started: Thread Group 1-188
2024-09-04 15:53:32,985 INFO o.a.j.t.JMeterThread: Thread started: Thread Group 1-189
2024-09-04 15:53:32,990 INFO o.a.j.t.JMeterThread: Thread started: Thread Group 1-190
2024-09-04 15:53:32,996 INFO o.a.j.t.JMeterThread: Thread started: Thread Group 1-191
2024-09-04 15:53:33,001 INFO o.a.j.t.JMeterThread: Thread started: Thread Group 1-192
2024-09-04 15:53:33,005 INFO o.a.j.t.JMeterThread: Thread started: Thread Group 1-193
2024-09-04 15:53:33,010 INFO o.a.j.t.JMeterThread: Thread started: Thread Group 1-194
2024-09-04 15:53:33,017 INFO o.a.j.t.JMeterThread: Thread started: Thread Group 1-195
2024-09-04 15:53:33,021 INFO o.a.j.t.JMeterThread: Thread started: Thread Group 1-196
2024-09-04 15:53:33,025 INFO o.a.j.t.JMeterThread: Thread started: Thread Group 1-197
2024-09-04 15:53:33,030 INFO o.a.j.t.JMeterThread: Thread started: Thread Group 1-198
2024-09-04 15:53:33,035 INFO o.a.j.t.JMeterThread: Thread started: Thread Group 1-199
2024-09-04 15:53:33,041 INFO o.a.j.t.JMeterThread: Thread started: Thread Group 1-200
2024-09-04 15:53:33,957 INFO o.a.j.t.JMeterThread: Thread is done: Thread Group 1-3
2024-09-04 15:53:33,958 INFO o.a.j.t.JMeterThread: Thread finished: Thread Group 1-3
2024-09-04 15:53:33,978 INFO o.a.j.t.JMeterThread: Thread is done: Thread Group 1-37
2024-09-04 15:53:33,978 INFO o.a.j.t.JMeterThread: Thread finished: Thread Group 1-37
2024-09-04 15:53:34,019 INFO o.a.j.t.JMeterThread: Thread is done: Thread Group 1-16
2024-09-04 15:53:34,019 INFO o.a.j.t.JMeterThread: Thread finished: Thread Group 1-16
2024-09-04 15:53:34,055 INFO o.a.j.t.JMeterThread: Thread is done: Thread Group 1-67
2024-09-04 15:53:34,055 INFO o.a.j.t.JMeterThread: Thread finished: Thread Group 1-67
2024-09-04 15:53:34,259 INFO o.a.j.t.JMeterThread: Thread is done: Thread Group 1-9
2024-09-04 15:53:34,260 INFO o.a.j.t.JMeterThread: Thread finished: Thread Group 1-9
2024-09-04 15:53:34,332 INFO o.a.j.t.JMeterThread: Thread is done: Thread Group 1-5
2024-09-04 15:53:34,332 INFO o.a.j.t.JMeterThread: Thread finished: Thread Group 1-5
2024-09-04 15:53:34,382 INFO o.a.j.t.JMeterThread: Thread is done: Thread Group 1-35
2024-09-04 15:53:34,382 INFO o.a.j.t.JMeterThread: Thread finished: Thread Group 1-35
2024-09-04 15:53:34,415 INFO o.a.j.t.JMeterThread: Thread is done: Thread Group 1-50
2024-09-04 15:53:34,415 INFO o.a.j.t.JMeterThread: Thread finished: Thread Group 1-50
2024-09-04 15:53:34,555 INFO o.a.j.t.JMeterThread: Thread is done: Thread Group 1-87
2024-09-04 15:53:34,555 INFO o.a.j.t.JMeterThread: Thread finished: Thread Group 1-87
2024-09-04 15:53:34,576 INFO o.a.j.t.JMeterThread: Thread is done: Thread Group 1-57
2024-09-04 15:53:34,576 INFO o.a.j.t.JMeterThread: Thread finished: Thread Group 1-57
2024-09-04 15:53:34,603 INFO o.a.j.t.JMeterThread: Thread is done: Thread Group 1-55
2024-09-04 15:53:34,603 INFO o.a.j.t.JMeterThread: Thread finished: Thread Group 1-55
2024-09-04 15:53:34,629 INFO o.a.j.t.JMeterThread: Thread is done: Thread Group 1-36
2024-09-04 15:53:34,629 INFO o.a.j.t.JMeterThread: Thread finished: Thread Group 1-36
2024-09-04 15:53:34,633 INFO o.a.j.t.JMeterThread: Thread is done: Thread Group 1-38
2024-09-04 15:53:34,633 INFO o.a.j.t.JMeterThread: Thread finished: Thread Group 1-38
2024-09-04 15:53:34,644 INFO o.a.j.t.JMeterThread: Thread is done: Thread Group 1-75
2024-09-04 15:53:34,644 INFO o.a.j.t.JMeterThread: Thread finished: Thread Group 1-75
2024-09-04 15:53:34,649 INFO o.a.j.t.JMeterThread: Thread is done: Thread Group 1-68
2024-09-04 15:53:34,649 INFO o.a.j.t.JMeterThread: Thread is done: Thread Group 1-6
2024-09-04 15:53:34,649 INFO o.a.j.t.JMeterThread: Thread finished: Thread Group 1-68
2024-09-04 15:53:34,649 INFO o.a.j.t.JMeterThread: Thread finished: Thread Group 1-6
2024-09-04 15:53:34,658 INFO o.a.j.t.JMeterThread: Thread is done: Thread Group 1-22
2024-09-04 15:53:34,659 INFO o.a.j.t.JMeterThread: Thread finished: Thread Group 1-22
2024-09-04 15:53:34,671 INFO o.a.j.t.JMeterThread: Thread is done: Thread Group 1-8
2024-09-04 15:53:34,672 INFO o.a.j.t.JMeterThread: Thread finished: Thread Group 1-8
2024-09-04 15:53:34,756 INFO o.a.j.t.JMeterThread: Thread is done: Thread Group 1-90
2024-09-04 15:53:34,756 INFO o.a.j.t.JMeterThread: Thread finished: Thread Group 1-90
2024-09-04 15:53:34,778 INFO o.a.j.t.JMeterThread: Thread is done: Thread Group 1-11
2024-09-04 15:53:34,779 INFO o.a.j.t.JMeterThread: Thread finished: Thread Group 1-11
2024-09-04 15:53:34,912 INFO o.a.j.t.JMeterThread: Thread is done: Thread Group 1-17
2024-09-04 15:53:34,912 INFO o.a.j.t.JMeterThread: Thread finished: Thread Group 1-17
2024-09-04 15:53:34,914 INFO o.a.j.t.JMeterThread: Thread is done: Thread Group 1-18
2024-09-04 15:53:34,914 INFO o.a.j.t.JMeterThread: Thread finished: Thread Group 1-18
2024-09-04 15:53:34,920 INFO o.a.j.t.JMeterThread: Thread is done: Thread Group 1-80
2024-09-04 15:53:34,920 INFO o.a.j.t.JMeterThread: Thread finished: Thread Group 1-80
2024-09-04 15:53:34,925 INFO o.a.j.t.JMeterThread: Thread is done: Thread Group 1-32
2024-09-04 15:53:34,925 INFO o.a.j.t.JMeterThread: Thread finished: Thread Group 1-32
2024-09-04 15:53:34,929 INFO o.a.j.t.JMeterThread: Thread is done: Thread Group 1-70
2024-09-04 15:53:34,929 INFO o.a.j.t.JMeterThread: Thread finished: Thread Group 1-70
2024-09-04 15:53:34,930 INFO o.a.j.t.JMeterThread: Thread is done: Thread Group 1-47
2024-09-04 15:53:34,930 INFO o.a.j.t.JMeterThread: Thread finished: Thread Group 1-47
2024-09-04 15:53:34,931 INFO o.a.j.t.JMeterThread: Thread is done: Thread Group 1-25
2024-09-04 15:53:34,931 INFO o.a.j.t.JMeterThread: Thread finished: Thread Group 1-25
2024-09-04 15:53:34,936 INFO o.a.j.t.JMeterThread: Thread is done: Thread Group 1-13
2024-09-04 15:53:34,936 INFO o.a.j.t.JMeterThread: Thread is done: Thread Group 1-88
2024-09-04 15:53:34,936 INFO o.a.j.t.JMeterThread: Thread finished: Thread Group 1-88
2024-09-04 15:53:34,936 INFO o.a.j.t.JMeterThread: Thread finished: Thread Group 1-13
2024-09-04 15:53:34,937 INFO o.a.j.t.JMeterThread: Thread is done: Thread Group 1-48
2024-09-04 15:53:34,937 INFO o.a.j.t.JMeterThread: Thread finished: Thread Group 1-48
2024-09-04 15:53:34,937 INFO o.a.j.t.JMeterThread: Thread is done: Thread Group 1-20
2024-09-04 15:53:34,937 INFO o.a.j.t.JMeterThread: Thread finished: Thread Group 1-20
2024-09-04 15:53:34,948 INFO o.a.j.t.JMeterThread: Thread is done: Thread Group 1-52
2024-09-04 15:53:34,948 INFO o.a.j.t.JMeterThread: Thread finished: Thread Group 1-52
2024-09-04 15:53:34,950 INFO o.a.j.t.JMeterThread: Thread is done: Thread Group 1-21
2024-09-04 15:53:34,950 INFO o.a.j.t.JMeterThread: Thread finished: Thread Group 1-21
2024-09-04 15:53:34,983 INFO o.a.j.t.JMeterThread: Thread is done: Thread Group 1-24
2024-09-04 15:53:34,983 INFO o.a.j.t.JMeterThread: Thread finished: Thread Group 1-24
2024-09-04 15:53:35,015 INFO o.a.j.t.JMeterThread: Thread is done: Thread Group 1-23
2024-09-04 15:53:35,016 INFO o.a.j.t.JMeterThread: Thread finished: Thread Group 1-23
2024-09-04 15:53:35,037 INFO o.a.j.t.JMeterThread: Thread is done: Thread Group 1-2
2024-09-04 15:53:35,038 INFO o.a.j.t.JMeterThread: Thread finished: Thread Group 1-2
2024-09-04 15:53:35,072 INFO o.a.j.t.JMeterThread: Thread is done: Thread Group 1-73
2024-09-04 15:53:35,072 INFO o.a.j.t.JMeterThread: Thread finished: Thread Group 1-73
2024-09-04 15:53:35,103 INFO o.a.j.t.JMeterThread: Thread is done: Thread Group 1-12
2024-09-04 15:53:35,103 INFO o.a.j.t.JMeterThread: Thread finished: Thread Group 1-12
2024-09-04 15:53:35,116 INFO o.a.j.t.JMeterThread: Thread is done: Thread Group 1-39
2024-09-04 15:53:35,116 INFO o.a.j.t.JMeterThread: Thread finished: Thread Group 1-39
2024-09-04 15:53:35,135 INFO o.a.j.t.JMeterThread: Thread is done: Thread Group 1-78
2024-09-04 15:53:35,135 INFO o.a.j.t.JMeterThread: Thread finished: Thread Group 1-78
2024-09-04 15:53:35,141 INFO o.a.j.t.JMeterThread: Thread is done: Thread Group 1-77
2024-09-04 15:53:35,141 INFO o.a.j.t.JMeterThread: Thread finished: Thread Group 1-77
2024-09-04 15:53:35,187 INFO o.a.j.t.JMeterThread: Thread is done: Thread Group 1-42
2024-09-04 15:53:35,187 INFO o.a.j.t.JMeterThread: Thread finished: Thread Group 1-42
2024-09-04 15:53:35,193 INFO o.a.j.t.JMeterThread: Thread is done: Thread Group 1-26
2024-09-04 15:53:35,193 INFO o.a.j.t.JMeterThread: Thread finished: Thread Group 1-26
2024-09-04 15:53:35,224 INFO o.a.j.t.JMeterThread: Thread is done: Thread Group 1-85
2024-09-04 15:53:35,224 INFO o.a.j.t.JMeterThread: Thread finished: Thread Group 1-85
2024-09-04 15:53:35,246 INFO o.a.j.t.JMeterThread: Thread is done: Thread Group 1-84
2024-09-04 15:53:35,246 INFO o.a.j.t.JMeterThread: Thread finished: Thread Group 1-84
2024-09-04 15:53:35,246 INFO o.a.j.t.JMeterThread: Thread is done: Thread Group 1-56
2024-09-04 15:53:35,247 INFO o.a.j.t.JMeterThread: Thread finished: Thread Group 1-56
2024-09-04 15:53:35,258 INFO o.a.j.t.JMeterThread: Thread is done: Thread Group 1-31
2024-09-04 15:53:35,258 INFO o.a.j.t.JMeterThread: Thread finished: Thread Group 1-31
2024-09-04 15:53:35,262 INFO o.a.j.t.JMeterThread: Thread is done: Thread Group 1-33
2024-09-04 15:53:35,263 INFO o.a.j.t.JMeterThread: Thread finished: Thread Group 1-33
2024-09-04 15:53:35,264 INFO o.a.j.t.JMeterThread: Thread is done: Thread Group 1-123
2024-09-04 15:53:35,264 INFO o.a.j.t.JMeterThread: Thread finished: Thread Group 1-123
2024-09-04 15:53:35,265 INFO o.a.j.t.JMeterThread: Thread is done: Thread Group 1-62
2024-09-04 15:53:35,265 INFO o.a.j.t.JMeterThread: Thread finished: Thread Group 1-62
2024-09-04 15:53:35,269 INFO o.a.j.t.JMeterThread: Thread is done: Thread Group 1-61
2024-09-04 15:53:35,269 INFO o.a.j.t.JMeterThread: Thread finished: Thread Group 1-61
2024-09-04 15:53:35,277 INFO o.a.j.t.JMeterThread: Thread is done: Thread Group 1-27
2024-09-04 15:53:35,277 INFO o.a.j.t.JMeterThread: Thread finished: Thread Group 1-27
2024-09-04 15:53:35,286 INFO o.a.j.t.JMeterThread: Thread is done: Thread Group 1-14
2024-09-04 15:53:35,286 INFO o.a.j.t.JMeterThread: Thread finished: Thread Group 1-14
2024-09-04 15:53:35,294 INFO o.a.j.t.JMeterThread: Thread is done: Thread Group 1-43
2024-09-04 15:53:35,294 INFO o.a.j.t.JMeterThread: Thread finished: Thread Group 1-43
2024-09-04 15:53:35,296 INFO o.a.j.t.JMeterThread: Thread is done: Thread Group 1-19
2024-09-04 15:53:35,296 INFO o.a.j.t.JMeterThread: Thread finished: Thread Group 1-19
2024-09-04 15:53:35,298 INFO o.a.j.t.JMeterThread: Thread is done: Thread Group 1-1
2024-09-04 15:53:35,298 INFO o.a.j.t.JMeterThread: Thread finished: Thread Group 1-1
2024-09-04 15:53:35,314 INFO o.a.j.t.JMeterThread: Thread is done: Thread Group 1-69
2024-09-04 15:53:35,314 INFO o.a.j.t.JMeterThread: Thread finished: Thread Group 1-69
2024-09-04 15:53:35,320 INFO o.a.j.t.JMeterThread: Thread is done: Thread Group 1-7
2024-09-04 15:53:35,320 INFO o.a.j.t.JMeterThread: Thread finished: Thread Group 1-7
2024-09-04 15:53:35,330 INFO o.a.j.t.JMeterThread: Thread is done: Thread Group 1-104
2024-09-04 15:53:35,330 INFO o.a.j.t.JMeterThread: Thread finished: Thread Group 1-104
2024-09-04 15:53:35,333 INFO o.a.j.t.JMeterThread: Thread is done: Thread Group 1-149
2024-09-04 15:53:35,333 INFO o.a.j.t.JMeterThread: Thread finished: Thread Group 1-149
2024-09-04 15:53:35,345 INFO o.a.j.t.JMeterThread: Thread is done: Thread Group 1-96
2024-09-04 15:53:35,345 INFO o.a.j.t.JMeterThread: Thread finished: Thread Group 1-96
2024-09-04 15:53:35,350 INFO o.a.j.t.JMeterThread: Thread is done: Thread Group 1-79
2024-09-04 15:53:35,351 INFO o.a.j.t.JMeterThread: Thread finished: Thread Group 1-79
2024-09-04 15:53:35,359 INFO o.a.j.t.JMeterThread: Thread is done: Thread Group 1-66
2024-09-04 15:53:35,359 INFO o.a.j.t.JMeterThread: Thread finished: Thread Group 1-66
2024-09-04 15:53:35,361 INFO o.a.j.t.JMeterThread: Thread is done: Thread Group 1-100
2024-09-04 15:53:35,361 INFO o.a.j.t.JMeterThread: Thread finished: Thread Group 1-100
2024-09-04 15:53:35,371 INFO o.a.j.t.JMeterThread: Thread is done: Thread Group 1-99
2024-09-04 15:53:35,371 INFO o.a.j.t.JMeterThread: Thread finished: Thread Group 1-99
2024-09-04 15:53:35,376 INFO o.a.j.t.JMeterThread: Thread is done: Thread Group 1-53
2024-09-04 15:53:35,376 INFO o.a.j.t.JMeterThread: Thread finished: Thread Group 1-53
2024-09-04 15:53:35,388 INFO o.a.j.t.JMeterThread: Thread is done: Thread Group 1-64
2024-09-04 15:53:35,389 INFO o.a.j.t.JMeterThread: Thread finished: Thread Group 1-64
2024-09-04 15:53:35,396 INFO o.a.j.t.JMeterThread: Thread is done: Thread Group 1-29
2024-09-04 15:53:35,396 INFO o.a.j.t.JMeterThread: Thread finished: Thread Group 1-29
2024-09-04 15:53:35,400 INFO o.a.j.t.JMeterThread: Thread is done: Thread Group 1-51
2024-09-04 15:53:35,400 INFO o.a.j.t.JMeterThread: Thread finished: Thread Group 1-51
2024-09-04 15:53:35,401 INFO o.a.j.t.JMeterThread: Thread is done: Thread Group 1-59
2024-09-04 15:53:35,401 INFO o.a.j.t.JMeterThread: Thread finished: Thread Group 1-59
2024-09-04 15:53:35,412 INFO o.a.j.t.JMeterThread: Thread is done: Thread Group 1-103
2024-09-04 15:53:35,412 INFO o.a.j.t.JMeterThread: Thread finished: Thread Group 1-103
2024-09-04 15:53:35,417 INFO o.a.j.t.JMeterThread: Thread is done: Thread Group 1-65
2024-09-04 15:53:35,417 INFO o.a.j.t.JMeterThread: Thread finished: Thread Group 1-65
2024-09-04 15:53:35,434 INFO o.a.j.t.JMeterThread: Thread is done: Thread Group 1-82
2024-09-04 15:53:35,434 INFO o.a.j.t.JMeterThread: Thread finished: Thread Group 1-82
2024-09-04 15:53:35,440 INFO o.a.j.t.JMeterThread: Thread is done: Thread Group 1-15
2024-09-04 15:53:35,440 INFO o.a.j.t.JMeterThread: Thread finished: Thread Group 1-15
2024-09-04 15:53:35,444 INFO o.a.j.t.JMeterThread: Thread is done: Thread Group 1-106
2024-09-04 15:53:35,444 INFO o.a.j.t.JMeterThread: Thread finished: Thread Group 1-106
2024-09-04 15:53:35,445 INFO o.a.j.t.JMeterThread: Thread is done: Thread Group 1-4
2024-09-04 15:53:35,445 INFO o.a.j.t.JMeterThread: Thread finished: Thread Group 1-4
2024-09-04 15:53:35,455 INFO o.a.j.t.JMeterThread: Thread is done: Thread Group 1-30
2024-09-04 15:53:35,455 INFO o.a.j.t.JMeterThread: Thread finished: Thread Group 1-30
2024-09-04 15:53:35,458 INFO o.a.j.t.JMeterThread: Thread is done: Thread Group 1-95
2024-09-04 15:53:35,458 INFO o.a.j.t.JMeterThread: Thread finished: Thread Group 1-95
2024-09-04 15:53:35,458 INFO o.a.j.t.JMeterThread: Thread is done: Thread Group 1-63
2024-09-04 15:53:35,458 INFO o.a.j.t.JMeterThread: Thread finished: Thread Group 1-63
2024-09-04 15:53:35,463 INFO o.a.j.t.JMeterThread: Thread is done: Thread Group 1-28
2024-09-04 15:53:35,463 INFO o.a.j.t.JMeterThread: Thread finished: Thread Group 1-28
2024-09-04 15:53:35,476 INFO o.a.j.t.JMeterThread: Thread is done: Thread Group 1-172
2024-09-04 15:53:35,477 INFO o.a.j.t.JMeterThread: Thread finished: Thread Group 1-172
2024-09-04 15:53:35,480 INFO o.a.j.t.JMeterThread: Thread is done: Thread Group 1-92
2024-09-04 15:53:35,480 INFO o.a.j.t.JMeterThread: Thread finished: Thread Group 1-92
2024-09-04 15:53:35,485 INFO o.a.j.t.JMeterThread: Thread is done: Thread Group 1-129
2024-09-04 15:53:35,485 INFO o.a.j.t.JMeterThread: Thread finished: Thread Group 1-129
2024-09-04 15:53:35,486 INFO o.a.j.t.JMeterThread: Thread is done: Thread Group 1-110
2024-09-04 15:53:35,486 INFO o.a.j.t.JMeterThread: Thread finished: Thread Group 1-110
2024-09-04 15:53:35,491 INFO o.a.j.t.JMeterThread: Thread is done: Thread Group 1-193
2024-09-04 15:53:35,491 INFO o.a.j.t.JMeterThread: Thread finished: Thread Group 1-193
2024-09-04 15:53:35,501 INFO o.a.j.t.JMeterThread: Thread is done: Thread Group 1-127
2024-09-04 15:53:35,501 INFO o.a.j.t.JMeterThread: Thread finished: Thread Group 1-127
2024-09-04 15:53:35,503 INFO o.a.j.t.JMeterThread: Thread is done: Thread Group 1-44
2024-09-04 15:53:35,503 INFO o.a.j.t.JMeterThread: Thread finished: Thread Group 1-44
2024-09-04 15:53:35,504 INFO o.a.j.t.JMeterThread: Thread is done: Thread Group 1-105
2024-09-04 15:53:35,504 INFO o.a.j.t.JMeterThread: Thread finished: Thread Group 1-105
2024-09-04 15:53:35,519 INFO o.a.j.t.JMeterThread: Thread is done: Thread Group 1-74
2024-09-04 15:53:35,519 INFO o.a.j.t.JMeterThread: Thread finished: Thread Group 1-74
2024-09-04 15:53:35,527 INFO o.a.j.t.JMeterThread: Thread is done: Thread Group 1-181
2024-09-04 15:53:35,527 INFO o.a.j.t.JMeterThread: Thread finished: Thread Group 1-181
2024-09-04 15:53:35,527 INFO o.a.j.t.JMeterThread: Thread is done: Thread Group 1-155
2024-09-04 15:53:35,527 INFO o.a.j.t.JMeterThread: Thread finished: Thread Group 1-155
2024-09-04 15:53:35,533 INFO o.a.j.t.JMeterThread: Thread is done: Thread Group 1-130
2024-09-04 15:53:35,533 INFO o.a.j.t.JMeterThread: Thread finished: Thread Group 1-130
2024-09-04 15:53:35,537 INFO o.a.j.t.JMeterThread: Thread is done: Thread Group 1-102
2024-09-04 15:53:35,537 INFO o.a.j.t.JMeterThread: Thread finished: Thread Group 1-102
2024-09-04 15:53:35,547 INFO o.a.j.t.JMeterThread: Thread is done: Thread Group 1-194
2024-09-04 15:53:35,547 INFO o.a.j.t.JMeterThread: Thread finished: Thread Group 1-194
2024-09-04 15:53:35,549 INFO o.a.j.t.JMeterThread: Thread is done: Thread Group 1-91
2024-09-04 15:53:35,549 INFO o.a.j.t.JMeterThread: Thread finished: Thread Group 1-91
2024-09-04 15:53:35,565 INFO o.a.j.t.JMeterThread: Thread is done: Thread Group 1-94
2024-09-04 15:53:35,565 INFO o.a.j.t.JMeterThread: Thread finished: Thread Group 1-94
2024-09-04 15:53:35,566 INFO o.a.j.t.JMeterThread: Thread is done: Thread Group 1-81
2024-09-04 15:53:35,566 INFO o.a.j.t.JMeterThread: Thread finished: Thread Group 1-81
2024-09-04 15:53:35,570 INFO o.a.j.t.JMeterThread: Thread is done: Thread Group 1-86
2024-09-04 15:53:35,570 INFO o.a.j.t.JMeterThread: Thread finished: Thread Group 1-86
2024-09-04 15:53:35,570 INFO o.a.j.t.JMeterThread: Thread is done: Thread Group 1-72
2024-09-04 15:53:35,570 INFO o.a.j.t.JMeterThread: Thread finished: Thread Group 1-72
2024-09-04 15:53:35,571 INFO o.a.j.t.JMeterThread: Thread is done: Thread Group 1-101
2024-09-04 15:53:35,571 INFO o.a.j.t.JMeterThread: Thread finished: Thread Group 1-101
2024-09-04 15:53:35,578 INFO o.a.j.t.JMeterThread: Thread is done: Thread Group 1-40
2024-09-04 15:53:35,578 INFO o.a.j.t.JMeterThread: Thread finished: Thread Group 1-40
2024-09-04 15:53:35,594 INFO o.a.j.t.JMeterThread: Thread is done: Thread Group 1-109
2024-09-04 15:53:35,594 INFO o.a.j.t.JMeterThread: Thread is done: Thread Group 1-97
2024-09-04 15:53:35,594 INFO o.a.j.t.JMeterThread: Thread is done: Thread Group 1-148
2024-09-04 15:53:35,595 INFO o.a.j.t.JMeterThread: Thread finished: Thread Group 1-148
2024-09-04 15:53:35,595 INFO o.a.j.t.JMeterThread: Thread finished: Thread Group 1-97
2024-09-04 15:53:35,594 INFO o.a.j.t.JMeterThread: Thread finished: Thread Group 1-109
2024-09-04 15:53:35,595 INFO o.a.j.t.JMeterThread: Thread is done: Thread Group 1-121
2024-09-04 15:53:35,595 INFO o.a.j.t.JMeterThread: Thread finished: Thread Group 1-121
2024-09-04 15:53:35,608 INFO o.a.j.t.JMeterThread: Thread is done: Thread Group 1-58
2024-09-04 15:53:35,608 INFO o.a.j.t.JMeterThread: Thread finished: Thread Group 1-58
2024-09-04 15:53:35,616 INFO o.a.j.t.JMeterThread: Thread is done: Thread Group 1-140
2024-09-04 15:53:35,616 INFO o.a.j.t.JMeterThread: Thread finished: Thread Group 1-140
2024-09-04 15:53:35,618 INFO o.a.j.t.JMeterThread: Thread is done: Thread Group 1-98
2024-09-04 15:53:35,618 INFO o.a.j.t.JMeterThread: Thread finished: Thread Group 1-98
2024-09-04 15:53:35,621 INFO o.a.j.t.JMeterThread: Thread is done: Thread Group 1-49
2024-09-04 15:53:35,621 INFO o.a.j.t.JMeterThread: Thread finished: Thread Group 1-49
2024-09-04 15:53:35,621 INFO o.a.j.t.JMeterThread: Thread is done: Thread Group 1-189
2024-09-04 15:53:35,621 INFO o.a.j.t.JMeterThread: Thread finished: Thread Group 1-189
2024-09-04 15:53:35,631 INFO o.a.j.t.JMeterThread: Thread is done: Thread Group 1-46
2024-09-04 15:53:35,631 INFO o.a.j.t.JMeterThread: Thread is done: Thread Group 1-83
2024-09-04 15:53:35,631 INFO o.a.j.t.JMeterThread: Thread finished: Thread Group 1-46
2024-09-04 15:53:35,631 INFO o.a.j.t.JMeterThread: Thread finished: Thread Group 1-83
2024-09-04 15:53:35,640 INFO o.a.j.t.JMeterThread: Thread is done: Thread Group 1-93
2024-09-04 15:53:35,640 INFO o.a.j.t.JMeterThread: Thread finished: Thread Group 1-93
2024-09-04 15:53:35,647 INFO o.a.j.t.JMeterThread: Thread is done: Thread Group 1-107
2024-09-04 15:53:35,647 INFO o.a.j.t.JMeterThread: Thread finished: Thread Group 1-107
2024-09-04 15:53:35,647 INFO o.a.j.t.JMeterThread: Thread is done: Thread Group 1-54
2024-09-04 15:53:35,647 INFO o.a.j.t.JMeterThread: Thread finished: Thread Group 1-54
2024-09-04 15:53:35,647 INFO o.a.j.t.JMeterThread: Thread is done: Thread Group 1-135
2024-09-04 15:53:35,647 INFO o.a.j.t.JMeterThread: Thread finished: Thread Group 1-135
2024-09-04 15:53:35,649 INFO o.a.j.t.JMeterThread: Thread is done: Thread Group 1-108
2024-09-04 15:53:35,649 INFO o.a.j.t.JMeterThread: Thread finished: Thread Group 1-108
2024-09-04 15:53:35,653 INFO o.a.j.t.JMeterThread: Thread is done: Thread Group 1-111
2024-09-04 15:53:35,654 INFO o.a.j.t.JMeterThread: Thread finished: Thread Group 1-111
2024-09-04 15:53:35,654 INFO o.a.j.t.JMeterThread: Thread is done: Thread Group 1-177
2024-09-04 15:53:35,654 INFO o.a.j.t.JMeterThread: Thread finished: Thread Group 1-177
2024-09-04 15:53:35,655 INFO o.a.j.t.JMeterThread: Thread is done: Thread Group 1-76
2024-09-04 15:53:35,655 INFO o.a.j.t.JMeterThread: Thread finished: Thread Group 1-76
2024-09-04 15:53:35,657 INFO o.a.j.t.JMeterThread: Thread is done: Thread Group 1-10
2024-09-04 15:53:35,657 INFO o.a.j.t.JMeterThread: Thread finished: Thread Group 1-10
2024-09-04 15:53:35,665 INFO o.a.j.t.JMeterThread: Thread is done: Thread Group 1-192
2024-09-04 15:53:35,665 INFO o.a.j.t.JMeterThread: Thread finished: Thread Group 1-192
2024-09-04 15:53:35,668 INFO o.a.j.t.JMeterThread: Thread is done: Thread Group 1-120
2024-09-04 15:53:35,668 INFO o.a.j.t.JMeterThread: Thread finished: Thread Group 1-120
2024-09-04 15:53:35,671 INFO o.a.j.t.JMeterThread: Thread is done: Thread Group 1-144
2024-09-04 15:53:35,671 INFO o.a.j.t.JMeterThread: Thread finished: Thread Group 1-144
2024-09-04 15:53:35,674 INFO o.a.j.t.JMeterThread: Thread is done: Thread Group 1-156
2024-09-04 15:53:35,674 INFO o.a.j.t.JMeterThread: Thread finished: Thread Group 1-156
2024-09-04 15:53:35,675 INFO o.a.j.t.JMeterThread: Thread is done: Thread Group 1-170
2024-09-04 15:53:35,676 INFO o.a.j.t.JMeterThread: Thread finished: Thread Group 1-170
2024-09-04 15:53:35,677 INFO o.a.j.t.JMeterThread: Thread is done: Thread Group 1-171
2024-09-04 15:53:35,677 INFO o.a.j.t.JMeterThread: Thread finished: Thread Group 1-171
2024-09-04 15:53:35,677 INFO o.a.j.t.JMeterThread: Thread is done: Thread Group 1-190
2024-09-04 15:53:35,677 INFO o.a.j.t.JMeterThread: Thread finished: Thread Group 1-190
2024-09-04 15:53:35,683 INFO o.a.j.t.JMeterThread: Thread is done: Thread Group 1-45
2024-09-04 15:53:35,683 INFO o.a.j.t.JMeterThread: Thread finished: Thread Group 1-45
2024-09-04 15:53:35,684 INFO o.a.j.t.JMeterThread: Thread is done: Thread Group 1-119
2024-09-04 15:53:35,684 INFO o.a.j.t.JMeterThread: Thread finished: Thread Group 1-119
2024-09-04 15:53:35,691 INFO o.a.j.t.JMeterThread: Thread is done: Thread Group 1-131
2024-09-04 15:53:35,692 INFO o.a.j.t.JMeterThread: Thread finished: Thread Group 1-131
2024-09-04 15:53:35,694 INFO o.a.j.t.JMeterThread: Thread is done: Thread Group 1-126
2024-09-04 15:53:35,694 INFO o.a.j.t.JMeterThread: Thread finished: Thread Group 1-126
2024-09-04 15:53:35,695 INFO o.a.j.t.JMeterThread: Thread is done: Thread Group 1-152
2024-09-04 15:53:35,695 INFO o.a.j.t.JMeterThread: Thread finished: Thread Group 1-152
2024-09-04 15:53:35,697 INFO o.a.j.t.JMeterThread: Thread is done: Thread Group 1-154
2024-09-04 15:53:35,697 INFO o.a.j.t.JMeterThread: Thread finished: Thread Group 1-154
2024-09-04 15:53:35,701 INFO o.a.j.t.JMeterThread: Thread is done: Thread Group 1-169
2024-09-04 15:53:35,701 INFO o.a.j.t.JMeterThread: Thread finished: Thread Group 1-169
2024-09-04 15:53:35,705 INFO o.a.j.t.JMeterThread: Thread is done: Thread Group 1-136
2024-09-04 15:53:35,705 INFO o.a.j.t.JMeterThread: Thread finished: Thread Group 1-136
2024-09-04 15:53:35,746 INFO o.a.j.t.JMeterThread: Thread is done: Thread Group 1-163
2024-09-04 15:53:35,746 INFO o.a.j.t.JMeterThread: Thread finished: Thread Group 1-163
2024-09-04 15:53:35,748 INFO o.a.j.t.JMeterThread: Thread is done: Thread Group 1-175
2024-09-04 15:53:35,748 INFO o.a.j.t.JMeterThread: Thread finished: Thread Group 1-175
2024-09-04 15:53:35,757 INFO o.a.j.t.JMeterThread: Thread is done: Thread Group 1-113
2024-09-04 15:53:35,757 INFO o.a.j.t.JMeterThread: Thread finished: Thread Group 1-113
2024-09-04 15:53:35,758 INFO o.a.j.t.JMeterThread: Thread is done: Thread Group 1-178
2024-09-04 15:53:35,758 INFO o.a.j.t.JMeterThread: Thread finished: Thread Group 1-178
2024-09-04 15:53:35,758 INFO o.a.j.t.JMeterThread: Thread is done: Thread Group 1-166
2024-09-04 15:53:35,758 INFO o.a.j.t.JMeterThread: Thread finished: Thread Group 1-166
2024-09-04 15:53:35,767 INFO o.a.j.t.JMeterThread: Thread is done: Thread Group 1-41
2024-09-04 15:53:35,767 INFO o.a.j.t.JMeterThread: Thread finished: Thread Group 1-41
2024-09-04 15:53:35,768 INFO o.a.j.t.JMeterThread: Thread is done: Thread Group 1-182
2024-09-04 15:53:35,768 INFO o.a.j.t.JMeterThread: Thread finished: Thread Group 1-182
2024-09-04 15:53:35,769 INFO o.a.j.t.JMeterThread: Thread is done: Thread Group 1-112
2024-09-04 15:53:35,769 INFO o.a.j.t.JMeterThread: Thread finished: Thread Group 1-112
2024-09-04 15:53:35,774 INFO o.a.j.t.JMeterThread: Thread is done: Thread Group 1-179
2024-09-04 15:53:35,774 INFO o.a.j.t.JMeterThread: Thread finished: Thread Group 1-179
2024-09-04 15:53:35,774 INFO o.a.j.t.JMeterThread: Thread is done: Thread Group 1-118
2024-09-04 15:53:35,774 INFO o.a.j.t.JMeterThread: Thread finished: Thread Group 1-118
2024-09-04 15:53:35,777 INFO o.a.j.t.JMeterThread: Thread is done: Thread Group 1-184
2024-09-04 15:53:35,777 INFO o.a.j.t.JMeterThread: Thread finished: Thread Group 1-184
2024-09-04 15:53:35,780 INFO o.a.j.t.JMeterThread: Thread is done: Thread Group 1-168
2024-09-04 15:53:35,780 INFO o.a.j.t.JMeterThread: Thread finished: Thread Group 1-168
2024-09-04 15:53:35,781 INFO o.a.j.t.JMeterThread: Thread is done: Thread Group 1-191
2024-09-04 15:53:35,781 INFO o.a.j.t.JMeterThread: Thread finished: Thread Group 1-191
2024-09-04 15:53:35,784 INFO o.a.j.t.JMeterThread: Thread is done: Thread Group 1-162
2024-09-04 15:53:35,784 INFO o.a.j.t.JMeterThread: Thread finished: Thread Group 1-162
2024-09-04 15:53:35,786 INFO o.a.j.t.JMeterThread: Thread is done: Thread Group 1-141
2024-09-04 15:53:35,786 INFO o.a.j.t.JMeterThread: Thread finished: Thread Group 1-141
2024-09-04 15:53:35,789 INFO o.a.j.t.JMeterThread: Thread is done: Thread Group 1-183
2024-09-04 15:53:35,789 INFO o.a.j.t.JMeterThread: Thread finished: Thread Group 1-183
2024-09-04 15:53:35,789 INFO o.a.j.t.JMeterThread: Thread is done: Thread Group 1-60
2024-09-04 15:53:35,789 INFO o.a.j.t.JMeterThread: Thread finished: Thread Group 1-60
2024-09-04 15:53:35,793 INFO o.a.j.t.JMeterThread: Thread is done: Thread Group 1-117
2024-09-04 15:53:35,793 INFO o.a.j.t.JMeterThread: Thread finished: Thread Group 1-117
2024-09-04 15:53:35,794 INFO o.a.j.t.JMeterThread: Thread is done: Thread Group 1-71
2024-09-04 15:53:35,794 INFO o.a.j.t.JMeterThread: Thread finished: Thread Group 1-71
2024-09-04 15:53:35,795 INFO o.a.j.t.JMeterThread: Thread is done: Thread Group 1-125
2024-09-04 15:53:35,795 INFO o.a.j.t.JMeterThread: Thread finished: Thread Group 1-125
2024-09-04 15:53:35,796 INFO o.a.j.t.JMeterThread: Thread is done: Thread Group 1-186
2024-09-04 15:53:35,796 INFO o.a.j.t.JMeterThread: Thread finished: Thread Group 1-186
2024-09-04 15:53:35,803 INFO o.a.j.t.JMeterThread: Thread is done: Thread Group 1-142
2024-09-04 15:53:35,804 INFO o.a.j.t.JMeterThread: Thread finished: Thread Group 1-142
2024-09-04 15:53:35,806 INFO o.a.j.t.JMeterThread: Thread is done: Thread Group 1-132
2024-09-04 15:53:35,806 INFO o.a.j.t.JMeterThread: Thread finished: Thread Group 1-132
2024-09-04 15:53:35,809 INFO o.a.j.t.JMeterThread: Thread is done: Thread Group 1-176
2024-09-04 15:53:35,809 INFO o.a.j.t.JMeterThread: Thread finished: Thread Group 1-176
2024-09-04 15:53:35,812 INFO o.a.j.t.JMeterThread: Thread is done: Thread Group 1-89
2024-09-04 15:53:35,812 INFO o.a.j.t.JMeterThread: Thread finished: Thread Group 1-89
2024-09-04 15:53:35,813 INFO o.a.j.t.JMeterThread: Thread is done: Thread Group 1-145
2024-09-04 15:53:35,813 INFO o.a.j.t.JMeterThread: Thread finished: Thread Group 1-145
2024-09-04 15:53:35,815 INFO o.a.j.t.JMeterThread: Thread is done: Thread Group 1-159
2024-09-04 15:53:35,815 INFO o.a.j.t.JMeterThread: Thread finished: Thread Group 1-159
2024-09-04 15:53:35,815 INFO o.a.j.t.JMeterThread: Thread is done: Thread Group 1-138
2024-09-04 15:53:35,815 INFO o.a.j.t.JMeterThread: Thread finished: Thread Group 1-138
2024-09-04 15:53:35,821 INFO o.a.j.t.JMeterThread: Thread is done: Thread Group 1-174
2024-09-04 15:53:35,821 INFO o.a.j.t.JMeterThread: Thread finished: Thread Group 1-174
2024-09-04 15:53:35,822 INFO o.a.j.t.JMeterThread: Thread is done: Thread Group 1-147
2024-09-04 15:53:35,822 INFO o.a.j.t.JMeterThread: Thread finished: Thread Group 1-147
2024-09-04 15:53:35,823 INFO o.a.j.t.JMeterThread: Thread is done: Thread Group 1-34
2024-09-04 15:53:35,823 INFO o.a.j.t.JMeterThread: Thread finished: Thread Group 1-34
2024-09-04 15:53:35,826 INFO o.a.j.t.JMeterThread: Thread is done: Thread Group 1-150
2024-09-04 15:53:35,826 INFO o.a.j.t.JMeterThread: Thread finished: Thread Group 1-150
2024-09-04 15:53:35,828 INFO o.a.j.t.JMeterThread: Thread is done: Thread Group 1-151
2024-09-04 15:53:35,828 INFO o.a.j.t.JMeterThread: Thread finished: Thread Group 1-151
2024-09-04 15:53:35,828 INFO o.a.j.t.JMeterThread: Thread is done: Thread Group 1-153
2024-09-04 15:53:35,828 INFO o.a.j.t.JMeterThread: Thread finished: Thread Group 1-153
2024-09-04 15:53:35,829 INFO o.a.j.t.JMeterThread: Thread is done: Thread Group 1-199
2024-09-04 15:53:35,829 INFO o.a.j.t.JMeterThread: Thread finished: Thread Group 1-199
2024-09-04 15:53:35,829 INFO o.a.j.t.JMeterThread: Thread is done: Thread Group 1-146
2024-09-04 15:53:35,829 INFO o.a.j.t.JMeterThread: Thread finished: Thread Group 1-146
2024-09-04 15:53:35,834 INFO o.a.j.t.JMeterThread: Thread is done: Thread Group 1-115
2024-09-04 15:53:35,834 INFO o.a.j.t.JMeterThread: Thread finished: Thread Group 1-115
2024-09-04 15:53:35,838 INFO o.a.j.t.JMeterThread: Thread is done: Thread Group 1-187
2024-09-04 15:53:35,838 INFO o.a.j.t.JMeterThread: Thread finished: Thread Group 1-187
2024-09-04 15:53:35,840 INFO o.a.j.t.JMeterThread: Thread is done: Thread Group 1-143
2024-09-04 15:53:35,840 INFO o.a.j.t.JMeterThread: Thread finished: Thread Group 1-143
2024-09-04 15:53:35,841 INFO o.a.j.t.JMeterThread: Thread is done: Thread Group 1-116
2024-09-04 15:53:35,841 INFO o.a.j.t.JMeterThread: Thread finished: Thread Group 1-116
2024-09-04 15:53:35,843 INFO o.a.j.t.JMeterThread: Thread is done: Thread Group 1-133
2024-09-04 15:53:35,843 INFO o.a.j.t.JMeterThread: Thread finished: Thread Group 1-133
2024-09-04 15:53:35,845 INFO o.a.j.t.JMeterThread: Thread is done: Thread Group 1-128
2024-09-04 15:53:35,845 INFO o.a.j.t.JMeterThread: Thread finished: Thread Group 1-128
2024-09-04 15:53:35,847 INFO o.a.j.t.JMeterThread: Thread is done: Thread Group 1-122
2024-09-04 15:53:35,847 INFO o.a.j.t.JMeterThread: Thread finished: Thread Group 1-122
2024-09-04 15:53:35,851 INFO o.a.j.t.JMeterThread: Thread is done: Thread Group 1-195
2024-09-04 15:53:35,851 INFO o.a.j.t.JMeterThread: Thread finished: Thread Group 1-195
2024-09-04 15:53:35,868 INFO o.a.j.t.JMeterThread: Thread is done: Thread Group 1-196
2024-09-04 15:53:35,868 INFO o.a.j.t.JMeterThread: Thread finished: Thread Group 1-196
2024-09-04 15:53:35,877 INFO o.a.j.t.JMeterThread: Thread is done: Thread Group 1-167
2024-09-04 15:53:35,877 INFO o.a.j.t.JMeterThread: Thread finished: Thread Group 1-167
2024-09-04 15:53:35,879 INFO o.a.j.t.JMeterThread: Thread is done: Thread Group 1-173
2024-09-04 15:53:35,879 INFO o.a.j.t.JMeterThread: Thread finished: Thread Group 1-173
2024-09-04 15:53:35,886 INFO o.a.j.t.JMeterThread: Thread is done: Thread Group 1-180
2024-09-04 15:53:35,886 INFO o.a.j.t.JMeterThread: Thread finished: Thread Group 1-180
2024-09-04 15:53:35,888 INFO o.a.j.t.JMeterThread: Thread is done: Thread Group 1-164
2024-09-04 15:53:35,888 INFO o.a.j.t.JMeterThread: Thread finished: Thread Group 1-164
2024-09-04 15:53:35,892 INFO o.a.j.t.JMeterThread: Thread is done: Thread Group 1-200
2024-09-04 15:53:35,892 INFO o.a.j.t.JMeterThread: Thread finished: Thread Group 1-200
2024-09-04 15:53:35,899 INFO o.a.j.t.JMeterThread: Thread is done: Thread Group 1-124
2024-09-04 15:53:35,899 INFO o.a.j.t.JMeterThread: Thread finished: Thread Group 1-124
2024-09-04 15:53:35,902 INFO o.a.j.t.JMeterThread: Thread is done: Thread Group 1-114
2024-09-04 15:53:35,902 INFO o.a.j.t.JMeterThread: Thread finished: Thread Group 1-114
2024-09-04 15:53:35,906 INFO o.a.j.t.JMeterThread: Thread is done: Thread Group 1-158
2024-09-04 15:53:35,906 INFO o.a.j.t.JMeterThread: Thread finished: Thread Group 1-158
2024-09-04 15:53:35,915 INFO o.a.j.t.JMeterThread: Thread is done: Thread Group 1-197
2024-09-04 15:53:35,915 INFO o.a.j.t.JMeterThread: Thread finished: Thread Group 1-197
2024-09-04 15:53:35,916 INFO o.a.j.t.JMeterThread: Thread is done: Thread Group 1-139
2024-09-04 15:53:35,916 INFO o.a.j.t.JMeterThread: Thread finished: Thread Group 1-139
2024-09-04 15:53:35,916 INFO o.a.j.t.JMeterThread: Thread is done: Thread Group 1-134
2024-09-04 15:53:35,916 INFO o.a.j.t.JMeterThread: Thread finished: Thread Group 1-134
2024-09-04 15:53:35,916 INFO o.a.j.t.JMeterThread: Thread is done: Thread Group 1-137
2024-09-04 15:53:35,916 INFO o.a.j.t.JMeterThread: Thread finished: Thread Group 1-137
2024-09-04 15:53:35,917 INFO o.a.j.t.JMeterThread: Thread is done: Thread Group 1-188
2024-09-04 15:53:35,917 INFO o.a.j.t.JMeterThread: Thread finished: Thread Group 1-188
2024-09-04 15:53:35,918 INFO o.a.j.t.JMeterThread: Thread is done: Thread Group 1-157
2024-09-04 15:53:35,918 INFO o.a.j.t.JMeterThread: Thread finished: Thread Group 1-157
2024-09-04 15:53:35,918 INFO o.a.j.t.JMeterThread: Thread is done: Thread Group 1-185
2024-09-04 15:53:35,918 INFO o.a.j.t.JMeterThread: Thread finished: Thread Group 1-185
2024-09-04 15:53:35,918 INFO o.a.j.t.JMeterThread: Thread is done: Thread Group 1-165
2024-09-04 15:53:35,918 INFO o.a.j.t.JMeterThread: Thread finished: Thread Group 1-165
2024-09-04 15:53:35,921 INFO o.a.j.t.JMeterThread: Thread is done: Thread Group 1-198
2024-09-04 15:53:35,921 INFO o.a.j.t.JMeterThread: Thread finished: Thread Group 1-198
2024-09-04 15:53:35,929 INFO o.a.j.t.JMeterThread: Thread is done: Thread Group 1-160
2024-09-04 15:53:35,929 INFO o.a.j.t.JMeterThread: Thread finished: Thread Group 1-160
2024-09-04 15:53:35,947 INFO o.a.j.t.JMeterThread: Thread is done: Thread Group 1-161
2024-09-04 15:53:35,947 INFO o.a.j.t.JMeterThread: Thread finished: Thread Group 1-161
2024-09-04 15:53:35,947 INFO o.a.j.e.StandardJMeterEngine: Notifying test listeners of end of test
2024-09-04 15:53:35,948 INFO o.a.j.r.Summariser: summary +   1199 in 00:00:03 =  343.9/s Avg:   482 Min:    54 Max:  1151 Err:     0 (0.00%) Active: 0 Started: 200 Finished: 200
2024-09-04 15:53:35,948 INFO o.a.j.r.Summariser: summary =   1200 in 00:00:04 =  306.4/s Avg:   481 Min:    54 Max:  1151 Err:     0 (0.00%)
